<?xml version="1.0" encoding="UTF-8"?>
<testng-results ignored="0" total="1" passed="1" failed="0" skipped="0">
  <reporter-output>
  </reporter-output>
  <suite started-at="2022-08-23T15:24:22 IST" name="Default suite" finished-at="2022-08-23T15:24:44 IST" duration-ms="21743">
    <groups>
    </groups>
    <test started-at="2022-08-23T15:24:22 IST" name="Default test" finished-at="2022-08-23T15:24:44 IST" duration-ms="21743">
      <class name="test.LoginPageTest">
        <test-method is-config="true" signature="addReports()[pri:0, instance:test.LoginPageTest@12468a38]" started-at="2022-08-23T15:24:22 IST" name="addReports" finished-at="2022-08-23T15:24:23 IST" duration-ms="735" status="PASS">
          <reporter-output>
          </reporter-output>
        </test-method> <!-- addReports -->
        <test-method is-config="true" signature="launchBrowser()[pri:0, instance:test.LoginPageTest@12468a38]" started-at="2022-08-23T15:24:23 IST" name="launchBrowser" finished-at="2022-08-23T15:24:36 IST" duration-ms="12502" status="PASS">
          <reporter-output>
          </reporter-output>
        </test-method> <!-- launchBrowser -->
        <test-method signature="loginPage()[pri:0, instance:test.LoginPageTest@12468a38]" started-at="2022-08-23T15:24:36 IST" name="loginPage" finished-at="2022-08-23T15:24:42 IST" duration-ms="6557" status="PASS">
          <reporter-output>
          </reporter-output>
        </test-method> <!-- loginPage -->
        <test-method is-config="true" signature="postTest(org.testng.ITestResult)[pri:0, instance:test.LoginPageTest@12468a38]" started-at="2022-08-23T15:24:42 IST" name="postTest" finished-at="2022-08-23T15:24:42 IST" duration-ms="12" status="PASS">
          <params>
            <param index="0">
              <value>
                <![CDATA[[TestResult name=loginPage status=SUCCESS method=LoginPageTest.loginPage()[pri:0, instance:test.LoginPageTest@12468a38] output={null}]]]>
              </value>
            </param>
          </params>
          <reporter-output>
          </reporter-output>
        </test-method> <!-- postTest -->
        <test-method is-config="true" signature="flushReport()[pri:0, instance:test.LoginPageTest@12468a38]" started-at="2022-08-23T15:24:42 IST" name="flushReport" finished-at="2022-08-23T15:24:44 IST" duration-ms="1825" status="PASS">
          <reporter-output>
          </reporter-output>
        </test-method> <!-- flushReport -->
      </class> <!-- test.LoginPageTest -->
    </test> <!-- Default test -->
  </suite> <!-- Default suite -->
</testng-results>
